0 info it worked if it ends with ok
1 verbose cli [ '/home/developer/nvm/v0.10.33/bin/node',
1 verbose cli   '/home/developer/nvm/v0.10.33/bin/npm',
1 verbose cli   'install',
1 verbose cli   '-g',
1 verbose cli   'public-utils' ]
2 info using npm@1.4.28
3 info using node@v0.10.33
4 verbose cache add [ 'public-utils', null ]
5 verbose cache add name=undefined spec="public-utils" args=["public-utils",null]
6 verbose parsed url { protocol: null,
6 verbose parsed url   slashes: null,
6 verbose parsed url   auth: null,
6 verbose parsed url   host: null,
6 verbose parsed url   port: null,
6 verbose parsed url   hostname: null,
6 verbose parsed url   hash: null,
6 verbose parsed url   search: null,
6 verbose parsed url   query: null,
6 verbose parsed url   pathname: 'public-utils',
6 verbose parsed url   path: 'public-utils',
6 verbose parsed url   href: 'public-utils' }
7 silly lockFile f887f593-public-utils public-utils
8 verbose lock public-utils /home/developer/.npm/f887f593-public-utils.lock
9 silly lockFile f887f593-public-utils public-utils
10 silly lockFile f887f593-public-utils public-utils
11 verbose addNamed [ 'public-utils', '' ]
12 verbose addNamed [ null, '*' ]
13 silly lockFile 20d15814-public-utils public-utils@
14 verbose lock public-utils@ /home/developer/.npm/20d15814-public-utils.lock
15 silly addNameRange { name: 'public-utils', range: '*', hasData: false }
16 verbose request where is /public-utils
17 verbose request registry https://registry.npmjs.org/
18 verbose request id ea49a33fd86d5719
19 verbose url raw /public-utils
20 verbose url resolving [ 'https://registry.npmjs.org/', './public-utils' ]
21 verbose url resolved https://registry.npmjs.org/public-utils
22 verbose request where is https://registry.npmjs.org/public-utils
23 info trying registry request attempt 1 at 09:44:36
24 http GET https://registry.npmjs.org/public-utils
25 http 404 https://registry.npmjs.org/public-utils
26 silly registry.get cb [ 404,
26 silly registry.get   { 'content-type': 'application/json',
26 silly registry.get     'cache-control': 'max-age=0',
26 silly registry.get     'content-length': '2',
26 silly registry.get     'accept-ranges': 'bytes',
26 silly registry.get     date: 'Sat, 02 Jul 2016 09:44:37 GMT',
26 silly registry.get     via: '1.1 varnish',
26 silly registry.get     age: '0',
26 silly registry.get     connection: 'keep-alive',
26 silly registry.get     'x-served-by': 'cache-iad2143-IAD',
26 silly registry.get     'x-cache': 'MISS',
26 silly registry.get     'x-cache-hits': '0',
26 silly registry.get     'x-timer': 'S1467452677.177541,VS0,VE81',
26 silly registry.get     vary: 'Accept-Encoding' } ]
27 silly lockFile 20d15814-public-utils public-utils@
28 silly lockFile 20d15814-public-utils public-utils@
29 error 404 Not Found
29 error 404
29 error 404 'public-utils' is not in the npm registry.
29 error 404 You should bug the author to publish it
29 error 404
29 error 404 Note that you can also install from a
29 error 404 tarball, folder, or http url, or git url.
30 error System Linux 3.19.0-61-generic
31 error command "/home/developer/nvm/v0.10.33/bin/node" "/home/developer/nvm/v0.10.33/bin/npm" "install" "-g" "public-utils"
32 error cwd /var/www/front
33 error node -v v0.10.33
34 error npm -v 1.4.28
35 error code E404
36 verbose exit [ 1, true ]
